[ 2017-03-15T20:44:51+08:00 ] ::1 /zz/index.php/Home/Index/notify
INFO: [ app_begin ] --START--
INFO: Run Behavior\ReadHtmlCacheBehavior [ RunTime:0.000877s ]
INFO: [ app_begin ] --END-- [ RunTime:0.001518s ]
SQL: SHOW COLUMNS FROM `think_system_message` [ RunTime:0.0536s ]
SQL: SELECT `ss_id`,`ss_title`,`ss_content`,`ss_time` FROM `think_system_message` WHERE `u_email` = '1834716579@qq.com' LIMIT 1000   [ RunTime:0.0003s ]
INFO: [ view_parse ] --START--
INFO: [ template_filter ] --START--
INFO: Run Behavior\ContentReplaceBehavior [ RunTime:0.000087s ]
INFO: [ template_filter ] --END-- [ RunTime:0.000210s ]
INFO: Run Behavior\ParseTemplateBehavior [ RunTime:0.021596s ]
INFO: [ view_parse ] --END-- [ RunTime:0.021709s ]
INFO: [ view_filter ] --START--
INFO: Run Behavior\WriteHtmlCacheBehavior [ RunTime:0.000418s ]
INFO: [ view_filter ] --END-- [ RunTime:0.000506s ]
INFO: [ app_end ] --START--
INFO: Run Behavior\ShowPageTraceBehavior [ RunTime:0.000575s ]
INFO: [ app_end ] --END-- [ RunTime:0.000668s ]

[ 2017-03-15T20:44:51+08:00 ] ::1 /zz/index.php/Home/Index/notify.html?t=0.6664207679818968
INFO: [ app_begin ] --START--
INFO: Run Behavior\ReadHtmlCacheBehavior [ RunTime:0.000530s ]
INFO: [ app_begin ] --END-- [ RunTime:0.001070s ]
SQL: SHOW COLUMNS FROM `think_system_message` [ RunTime:0.0152s ]
SQL: SELECT `ss_id`,`ss_title`,`ss_content`,`ss_time` FROM `think_system_message` WHERE `u_email` = '1834716579@qq.com' LIMIT 1000   [ RunTime:0.0003s ]
INFO: [ view_parse ] --START--
INFO: [ template_filter ] --START--
INFO: Run Behavior\ContentReplaceBehavior [ RunTime:0.000123s ]
INFO: [ template_filter ] --END-- [ RunTime:0.000311s ]
INFO: Run Behavior\ParseTemplateBehavior [ RunTime:0.012893s ]
INFO: [ view_parse ] --END-- [ RunTime:0.013086s ]
INFO: [ view_filter ] --START--
INFO: Run Behavior\WriteHtmlCacheBehavior [ RunTime:0.000798s ]
INFO: [ view_filter ] --END-- [ RunTime:0.000934s ]
INFO: [ app_end ] --START--
INFO: Run Behavior\ShowPageTraceBehavior [ RunTime:0.000691s ]
INFO: [ app_end ] --END-- [ RunTime:0.000860s ]

[ 2017-03-15T20:44:54+08:00 ] ::1 /zz/index.php/Home/Index/person_info
INFO: [ app_begin ] --START--
INFO: Run Behavior\ReadHtmlCacheBehavior [ RunTime:0.000664s ]
INFO: [ app_begin ] --END-- [ RunTime:0.001228s ]
SQL: SHOW COLUMNS FROM `think_add_team` [ RunTime:0.0179s ]
SQL: SELECT `t_id` FROM `think_add_team` WHERE `u_id` = 45 LIMIT 1000   [ RunTime:0.0003s ]
SQL: SHOW COLUMNS FROM `think_team_info` [ RunTime:0.0130s ]
SQL: SELECT `t_id` FROM `think_team_info` WHERE `u_id` = 45 LIMIT 1000   [ RunTime:0.0003s ]
SQL: SELECT `t_id`,`t_name` FROM `think_team_info` WHERE `t_id` IN ('46','48')  [ RunTime:0.0003s ]
SQL: SELECT `t_id`,`t_name`,`t_num`,`t_abstract`,`t_time`,`t_number` FROM `think_team_info` WHERE `t_id` IN ('46','48')  [ RunTime:0.0004s ]
SQL: SHOW COLUMNS FROM `think_user_info` [ RunTime:0.0139s ]
SQL: SELECT `u_name`,`u_class`,`u_school`,`u_label`,`u_exp` FROM `think_user_info` WHERE `u_id` = 45 LIMIT 1   [ RunTime:0.0003s ]
INFO: [ view_parse ] --START--
INFO: [ template_filter ] --START--
INFO: Run Behavior\ContentReplaceBehavior [ RunTime:0.000143s ]
INFO: [ template_filter ] --END-- [ RunTime:0.000248s ]
NOTIC: [8] Undefined variable: team_add D:\wapserver\wamp\wamp\www\zz\Application\Runtime\Cache\Home\c73c92bae43177ecf14f2452ae35facd.php 第 207 行.
INFO: Run Behavior\ParseTemplateBehavior [ RunTime:0.043254s ]
INFO: [ view_parse ] --END-- [ RunTime:0.043379s ]
INFO: [ view_filter ] --START--
INFO: Run Behavior\WriteHtmlCacheBehavior [ RunTime:0.000275s ]
INFO: [ view_filter ] --END-- [ RunTime:0.000368s ]
INFO: [ app_end ] --START--
INFO: Run Behavior\ShowPageTraceBehavior [ RunTime:0.000657s ]
INFO: [ app_end ] --END-- [ RunTime:0.000805s ]

[ 2017-03-15T20:44:54+08:00 ] ::1 /zz/index.php/Home/Index/person_info.html?t=0.25388888885474836
INFO: [ app_begin ] --START--
INFO: Run Behavior\ReadHtmlCacheBehavior [ RunTime:0.001122s ]
INFO: [ app_begin ] --END-- [ RunTime:0.001922s ]
SQL: SHOW COLUMNS FROM `think_add_team` [ RunTime:0.0159s ]
SQL: SELECT `t_id` FROM `think_add_team` WHERE `u_id` = 45 LIMIT 1000   [ RunTime:0.0004s ]
SQL: SHOW COLUMNS FROM `think_team_info` [ RunTime:0.0160s ]
SQL: SELECT `t_id` FROM `think_team_info` WHERE `u_id` = 45 LIMIT 1000   [ RunTime:0.0003s ]
SQL: SELECT `t_id`,`t_name` FROM `think_team_info` WHERE `t_id` IN ('46','48')  [ RunTime:0.0004s ]
SQL: SELECT `t_id`,`t_name`,`t_num`,`t_abstract`,`t_time`,`t_number` FROM `think_team_info` WHERE `t_id` IN ('46','48')  [ RunTime:0.0005s ]
SQL: SHOW COLUMNS FROM `think_user_info` [ RunTime:0.0152s ]
SQL: SELECT `u_name`,`u_class`,`u_school`,`u_label`,`u_exp` FROM `think_user_info` WHERE `u_id` = 45 LIMIT 1   [ RunTime:0.0004s ]
INFO: [ view_parse ] --START--
INFO: [ template_filter ] --START--
INFO: Run Behavior\ContentReplaceBehavior [ RunTime:0.000226s ]
INFO: [ template_filter ] --END-- [ RunTime:0.000410s ]
NOTIC: [8] Undefined variable: team_add D:\wapserver\wamp\wamp\www\zz\Application\Runtime\Cache\Home\c73c92bae43177ecf14f2452ae35facd.php 第 207 行.
INFO: Run Behavior\ParseTemplateBehavior [ RunTime:0.032674s ]
INFO: [ view_parse ] --END-- [ RunTime:0.032812s ]
INFO: [ view_filter ] --START--
INFO: Run Behavior\WriteHtmlCacheBehavior [ RunTime:0.000440s ]
INFO: [ view_filter ] --END-- [ RunTime:0.000529s ]
INFO: [ app_end ] --START--
INFO: Run Behavior\ShowPageTraceBehavior [ RunTime:0.000912s ]
INFO: [ app_end ] --END-- [ RunTime:0.001128s ]

[ 2017-03-15T20:45:03+08:00 ] ::1 /zz/index.php/Home/Index/search
INFO: [ app_begin ] --START--
INFO: Run Behavior\ReadHtmlCacheBehavior [ RunTime:0.000764s ]
INFO: [ app_begin ] --END-- [ RunTime:0.001348s ]
INFO: [ view_parse ] --START--
INFO: [ template_filter ] --START--
INFO: Run Behavior\ContentReplaceBehavior [ RunTime:0.000067s ]
INFO: [ template_filter ] --END-- [ RunTime:0.000174s ]
INFO: Run Behavior\ParseTemplateBehavior [ RunTime:0.072351s ]
INFO: [ view_parse ] --END-- [ RunTime:0.072493s ]
INFO: [ view_filter ] --START--
INFO: Run Behavior\WriteHtmlCacheBehavior [ RunTime:0.000278s ]
INFO: [ view_filter ] --END-- [ RunTime:0.000371s ]
INFO: [ app_end ] --START--
INFO: Run Behavior\ShowPageTraceBehavior [ RunTime:0.000689s ]
INFO: [ app_end ] --END-- [ RunTime:0.000827s ]

[ 2017-03-15T20:45:03+08:00 ] ::1 /zz/index.php/Home/Index/search.html?t=0.9265800819045502
INFO: [ app_begin ] --START--
INFO: Run Behavior\ReadHtmlCacheBehavior [ RunTime:0.000629s ]
INFO: [ app_begin ] --END-- [ RunTime:0.001177s ]
INFO: [ view_parse ] --START--
INFO: [ template_filter ] --START--
INFO: Run Behavior\ContentReplaceBehavior [ RunTime:0.000104s ]
INFO: [ template_filter ] --END-- [ RunTime:0.000284s ]
INFO: Run Behavior\ParseTemplateBehavior [ RunTime:0.008904s ]
INFO: [ view_parse ] --END-- [ RunTime:0.009069s ]
INFO: [ view_filter ] --START--
INFO: Run Behavior\WriteHtmlCacheBehavior [ RunTime:0.000407s ]
INFO: [ view_filter ] --END-- [ RunTime:0.000537s ]
INFO: [ app_end ] --START--
INFO: Run Behavior\ShowPageTraceBehavior [ RunTime:0.000676s ]
INFO: [ app_end ] --END-- [ RunTime:0.000813s ]

[ 2017-03-15T20:45:03+08:00 ] ::1 /zz/index.php/Home/Index/css/bootstrap.min.css
ERR: 非法操作:css

[ 2017-03-15T20:45:03+08:00 ] ::1 /zz/index.php/Home/Index/css/home.css
ERR: 非法操作:css

[ 2017-03-15T20:45:03+08:00 ] ::1 /zz/index.php/Home/Index/css/person_info.css
ERR: 非法操作:css

[ 2017-03-15T20:45:03+08:00 ] ::1 /zz/index.php/Home/Index/js/jquery.min.js?_=1489581896236
INFO: [ app_begin ] --START--
INFO: Run Behavior\ReadHtmlCacheBehavior [ RunTime:0.000620s ]
INFO: [ app_begin ] --END-- [ RunTime:0.001064s ]
ERR: 非法操作:js

[ 2017-03-15T20:45:03+08:00 ] ::1 /zz/index.php/Home/Index/js/bootstrap.min.js?_=1489581896237
INFO: [ app_begin ] --START--
INFO: Run Behavior\ReadHtmlCacheBehavior [ RunTime:0.000438s ]
INFO: [ app_begin ] --END-- [ RunTime:0.000844s ]
ERR: 非法操作:js

[ 2017-03-15T20:45:03+08:00 ] ::1 /zz/index.php/Home/Index/js/jquery.min.js?_=1489581896238
INFO: [ app_begin ] --START--
INFO: Run Behavior\ReadHtmlCacheBehavior [ RunTime:0.000469s ]
INFO: [ app_begin ] --END-- [ RunTime:0.000884s ]
ERR: 非法操作:js

[ 2017-03-15T20:45:03+08:00 ] ::1 /zz/index.php/Home/Index/js/bootstrap.min.js?_=1489581896239
INFO: [ app_begin ] --START--
INFO: Run Behavior\ReadHtmlCacheBehavior [ RunTime:0.000436s ]
INFO: [ app_begin ] --END-- [ RunTime:0.000807s ]
ERR: 非法操作:js

[ 2017-03-15T20:45:09+08:00 ] ::1 /zz/index.php/Home/Index/method=?
ERR: 非法操作:method=

