[ 2017-06-04T17:35:04+08:00 ] ::1 /zz/index.php/Home/Registered/checkName?username=
INFO: [ app_begin ] --START--
INFO: Run Behavior\ReadHtmlCacheBehavior [ RunTime:0.000722s ]
INFO: [ app_begin ] --END-- [ RunTime:0.004129s ]
ERR: SQLSTATE[HY000] [1045] Accès refusé pour l'utilisateur: 'root'@'@localhost' (mot de passe: OUI)

[ 2017-06-04T17:35:20+08:00 ] ::1 /zz/index.php/Home/Registered/checkName?username=
INFO: [ app_begin ] --START--
INFO: Run Behavior\ReadHtmlCacheBehavior [ RunTime:0.000747s ]
INFO: [ app_begin ] --END-- [ RunTime:0.001266s ]
ERR: SQLSTATE[HY000] [1045] Accès refusé pour l'utilisateur: 'root'@'@localhost' (mot de passe: OUI)

[ 2017-06-04T17:36:00+08:00 ] ::1 /zz/index.php/Home/Registered/checkName?username=
INFO: [ app_begin ] --START--
INFO: Run Behavior\ReadHtmlCacheBehavior [ RunTime:0.000841s ]
INFO: [ app_begin ] --END-- [ RunTime:0.001658s ]
SQL: SHOW COLUMNS FROM `think_user_login` [ RunTime:0.0295s ]
SQL: SELECT * FROM `think_user_login` WHERE `u_email` = '' AND `u_status` = 1 LIMIT 1   [ RunTime:0.0007s ]

[ 2017-06-04T17:36:45+08:00 ] ::1 /zz/index.php/Home/Registered/checkName?username=
INFO: [ app_begin ] --START--
INFO: Run Behavior\ReadHtmlCacheBehavior [ RunTime:0.007290s ]
INFO: [ app_begin ] --END-- [ RunTime:0.008355s ]
SQL: SHOW COLUMNS FROM `think_user_login` [ RunTime:0.0286s ]
SQL: SELECT * FROM `think_user_login` WHERE `u_email` = '' AND `u_status` = 1 LIMIT 1   [ RunTime:0.0009s ]

[ 2017-06-04T17:37:04+08:00 ] ::1 /zz/index.php/Home/Index/notify.html?t=0.011980912408982247
INFO: [ app_begin ] --START--
INFO: Run Behavior\ReadHtmlCacheBehavior [ RunTime:0.001280s ]
INFO: [ app_begin ] --END-- [ RunTime:0.001780s ]
SQL: SHOW COLUMNS FROM `think_system_message` [ RunTime:0.0053s ]
SQL: SELECT `ss_id`,`ss_title`,`ss_content`,`ss_time` FROM `think_system_message` WHERE `u_email` = 'liulonghang123@qq.com' LIMIT 1000   [ RunTime:0.0003s ]
INFO: [ view_parse ] --START--
INFO: [ template_filter ] --START--
INFO: Run Behavior\ContentReplaceBehavior [ RunTime:0.000084s ]
INFO: [ template_filter ] --END-- [ RunTime:0.000204s ]
INFO: Run Behavior\ParseTemplateBehavior [ RunTime:0.008854s ]
INFO: [ view_parse ] --END-- [ RunTime:0.008973s ]
INFO: [ view_filter ] --START--
INFO: Run Behavior\WriteHtmlCacheBehavior [ RunTime:0.000619s ]
INFO: [ view_filter ] --END-- [ RunTime:0.000727s ]
INFO: [ app_end ] --START--
INFO: Run Behavior\ShowPageTraceBehavior [ RunTime:0.000808s ]
INFO: [ app_end ] --END-- [ RunTime:0.000920s ]

[ 2017-06-04T17:37:04+08:00 ] ::1 /zz/index.php/Home/Index/notify
INFO: [ app_begin ] --START--
INFO: Run Behavior\ReadHtmlCacheBehavior [ RunTime:0.000853s ]
INFO: [ app_begin ] --END-- [ RunTime:0.001401s ]
SQL: SHOW COLUMNS FROM `think_system_message` [ RunTime:0.0072s ]
SQL: SELECT `ss_id`,`ss_title`,`ss_content`,`ss_time` FROM `think_system_message` WHERE `u_email` = 'liulonghang123@qq.com' LIMIT 1000   [ RunTime:0.0004s ]
INFO: [ view_parse ] --START--
INFO: [ template_filter ] --START--
INFO: Run Behavior\ContentReplaceBehavior [ RunTime:0.000148s ]
INFO: [ template_filter ] --END-- [ RunTime:0.000389s ]
INFO: Run Behavior\ParseTemplateBehavior [ RunTime:0.017885s ]
INFO: [ view_parse ] --END-- [ RunTime:0.018077s ]
INFO: [ view_filter ] --START--
INFO: Run Behavior\WriteHtmlCacheBehavior [ RunTime:0.000906s ]
INFO: [ view_filter ] --END-- [ RunTime:0.001070s ]
INFO: [ app_end ] --START--
INFO: Run Behavior\ShowPageTraceBehavior [ RunTime:0.001023s ]
INFO: [ app_end ] --END-- [ RunTime:0.001204s ]

[ 2017-06-04T17:37:05+08:00 ] ::1 /zz/index.php/Home/Index/person_info
INFO: [ app_begin ] --START--
INFO: Run Behavior\ReadHtmlCacheBehavior [ RunTime:0.000750s ]
INFO: [ app_begin ] --END-- [ RunTime:0.001235s ]
SQL: SHOW COLUMNS FROM `think_add_team` [ RunTime:0.0036s ]
SQL: SELECT `t_id` FROM `think_add_team` WHERE `u_id` = 44 LIMIT 1000   [ RunTime:0.0003s ]
SQL: SHOW COLUMNS FROM `think_team_info` [ RunTime:0.0039s ]
SQL: SELECT `t_id` FROM `think_team_info` WHERE `u_id` = 44 LIMIT 1000   [ RunTime:0.0003s ]
SQL: SELECT `t_id`,`t_name` FROM `think_team_info` WHERE `t_id` IN ('46')  [ RunTime:0.0002s ]
SQL: SELECT `t_id`,`t_name`,`t_num`,`t_abstract`,`t_time`,`t_number` FROM `think_team_info` WHERE `t_id` IN ('46')  [ RunTime:0.0003s ]
SQL: SHOW COLUMNS FROM `think_user_info` [ RunTime:0.0040s ]
SQL: SELECT `u_name`,`u_class`,`u_school`,`u_label`,`u_exp` FROM `think_user_info` WHERE `u_id` = 44 LIMIT 1   [ RunTime:0.0004s ]
INFO: [ view_parse ] --START--
INFO: [ template_filter ] --START--
INFO: Run Behavior\ContentReplaceBehavior [ RunTime:0.000173s ]
INFO: [ template_filter ] --END-- [ RunTime:0.000303s ]
NOTIC: [8] Undefined variable: team_create D:\wamp\www\zz\Application\Runtime\Cache\Home\c73c92bae43177ecf14f2452ae35facd.php 第 117 行.
INFO: Run Behavior\ParseTemplateBehavior [ RunTime:0.016823s ]
INFO: [ view_parse ] --END-- [ RunTime:0.016957s ]
INFO: [ view_filter ] --START--
INFO: Run Behavior\WriteHtmlCacheBehavior [ RunTime:0.000555s ]
INFO: [ view_filter ] --END-- [ RunTime:0.000662s ]
INFO: [ app_end ] --START--
INFO: Run Behavior\ShowPageTraceBehavior [ RunTime:0.001079s ]
INFO: [ app_end ] --END-- [ RunTime:0.001242s ]

[ 2017-06-04T17:37:05+08:00 ] ::1 /zz/index.php/Home/Index/person_info.html?t=0.8288452735446863
INFO: [ app_begin ] --START--
INFO: Run Behavior\ReadHtmlCacheBehavior [ RunTime:0.000835s ]
INFO: [ app_begin ] --END-- [ RunTime:0.001305s ]
SQL: SHOW COLUMNS FROM `think_add_team` [ RunTime:0.0035s ]
SQL: SELECT `t_id` FROM `think_add_team` WHERE `u_id` = 44 LIMIT 1000   [ RunTime:0.0003s ]
SQL: SHOW COLUMNS FROM `think_team_info` [ RunTime:0.0037s ]
SQL: SELECT `t_id` FROM `think_team_info` WHERE `u_id` = 44 LIMIT 1000   [ RunTime:0.0003s ]
SQL: SELECT `t_id`,`t_name` FROM `think_team_info` WHERE `t_id` IN ('46')  [ RunTime:0.0003s ]
SQL: SELECT `t_id`,`t_name`,`t_num`,`t_abstract`,`t_time`,`t_number` FROM `think_team_info` WHERE `t_id` IN ('46')  [ RunTime:0.0002s ]
SQL: SHOW COLUMNS FROM `think_user_info` [ RunTime:0.0050s ]
SQL: SELECT `u_name`,`u_class`,`u_school`,`u_label`,`u_exp` FROM `think_user_info` WHERE `u_id` = 44 LIMIT 1   [ RunTime:0.0004s ]
INFO: [ view_parse ] --START--
INFO: [ template_filter ] --START--
INFO: Run Behavior\ContentReplaceBehavior [ RunTime:0.000172s ]
INFO: [ template_filter ] --END-- [ RunTime:0.000317s ]
NOTIC: [8] Undefined variable: team_create D:\wamp\www\zz\Application\Runtime\Cache\Home\c73c92bae43177ecf14f2452ae35facd.php 第 117 行.
INFO: Run Behavior\ParseTemplateBehavior [ RunTime:0.021418s ]
INFO: [ view_parse ] --END-- [ RunTime:0.021892s ]
INFO: [ view_filter ] --START--
INFO: Run Behavior\WriteHtmlCacheBehavior [ RunTime:0.001700s ]
INFO: [ view_filter ] --END-- [ RunTime:0.001932s ]
INFO: [ app_end ] --START--
INFO: Run Behavior\ShowPageTraceBehavior [ RunTime:0.001603s ]
INFO: [ app_end ] --END-- [ RunTime:0.001819s ]

[ 2017-06-04T17:37:06+08:00 ] ::1 /zz/index.php/Home/Index/search.html?t=0.39234515388250846
INFO: [ app_begin ] --START--
INFO: Run Behavior\ReadHtmlCacheBehavior [ RunTime:0.001563s ]
INFO: [ app_begin ] --END-- [ RunTime:0.002498s ]
INFO: [ view_parse ] --START--
INFO: [ template_filter ] --START--
INFO: Run Behavior\ContentReplaceBehavior [ RunTime:0.000147s ]
INFO: [ template_filter ] --END-- [ RunTime:0.000401s ]
INFO: Run Behavior\ParseTemplateBehavior [ RunTime:0.013202s ]
INFO: [ view_parse ] --END-- [ RunTime:0.013441s ]
INFO: [ view_filter ] --START--
INFO: Run Behavior\WriteHtmlCacheBehavior [ RunTime:0.001056s ]
INFO: [ view_filter ] --END-- [ RunTime:0.001276s ]
INFO: [ app_end ] --START--
INFO: Run Behavior\ShowPageTraceBehavior [ RunTime:0.005657s ]
INFO: [ app_end ] --END-- [ RunTime:0.005884s ]

[ 2017-06-04T17:37:06+08:00 ] ::1 /zz/index.php/Home/Index/search
INFO: [ app_begin ] --START--
INFO: Run Behavior\ReadHtmlCacheBehavior [ RunTime:0.001535s ]
INFO: [ app_begin ] --END-- [ RunTime:0.002507s ]
INFO: [ view_parse ] --START--
INFO: [ template_filter ] --START--
INFO: Run Behavior\ContentReplaceBehavior [ RunTime:0.000079s ]
INFO: [ template_filter ] --END-- [ RunTime:0.000208s ]
INFO: Run Behavior\ParseTemplateBehavior [ RunTime:0.011035s ]
INFO: [ view_parse ] --END-- [ RunTime:0.011261s ]
INFO: [ view_filter ] --START--
INFO: Run Behavior\WriteHtmlCacheBehavior [ RunTime:0.001633s ]
INFO: [ view_filter ] --END-- [ RunTime:0.001858s ]
INFO: [ app_end ] --START--
INFO: Run Behavior\ShowPageTraceBehavior [ RunTime:0.001419s ]
INFO: [ app_end ] --END-- [ RunTime:0.001628s ]

[ 2017-06-04T17:37:06+08:00 ] ::1 /zz/index.php/Home/Index/css/bootstrap.min.css
ERR: 非法操作:css

[ 2017-06-04T17:37:06+08:00 ] ::1 /zz/index.php/Home/Index/css/home.css
ERR: 非法操作:css

[ 2017-06-04T17:37:06+08:00 ] ::1 /zz/index.php/Home/Index/css/person_info.css
ERR: 非法操作:css

[ 2017-06-04T17:37:06+08:00 ] ::1 /zz/index.php/Home/Index/js/jquery.min.js?_=1496569025335
INFO: [ app_begin ] --START--
INFO: Run Behavior\ReadHtmlCacheBehavior [ RunTime:0.000801s ]
INFO: [ app_begin ] --END-- [ RunTime:0.001365s ]
ERR: 非法操作:js

[ 2017-06-04T17:37:06+08:00 ] ::1 /zz/index.php/Home/Index/js/bootstrap.min.js?_=1496569025336
INFO: [ app_begin ] --START--
INFO: Run Behavior\ReadHtmlCacheBehavior [ RunTime:0.002003s ]
INFO: [ app_begin ] --END-- [ RunTime:0.003109s ]
ERR: 非法操作:js

[ 2017-06-04T17:37:06+08:00 ] ::1 /zz/index.php/Home/Index/js/jquery.min.js?_=1496569025337
INFO: [ app_begin ] --START--
INFO: Run Behavior\ReadHtmlCacheBehavior [ RunTime:0.001543s ]
INFO: [ app_begin ] --END-- [ RunTime:0.002859s ]
ERR: 非法操作:js

[ 2017-06-04T17:37:06+08:00 ] ::1 /zz/index.php/Home/Index/js/bootstrap.min.js?_=1496569025338
INFO: [ app_begin ] --START--
INFO: Run Behavior\ReadHtmlCacheBehavior [ RunTime:0.001318s ]
INFO: [ app_begin ] --END-- [ RunTime:0.002334s ]
ERR: 非法操作:js

[ 2017-06-04T17:37:08+08:00 ] ::1 /zz/index.php/Home/Index/person_info.html?t=0.18221160781563572
INFO: [ app_begin ] --START--
INFO: Run Behavior\ReadHtmlCacheBehavior [ RunTime:0.006977s ]
INFO: [ app_begin ] --END-- [ RunTime:0.007634s ]
SQL: SHOW COLUMNS FROM `think_add_team` [ RunTime:0.0040s ]
SQL: SELECT `t_id` FROM `think_add_team` WHERE `u_id` = 44 LIMIT 1000   [ RunTime:0.0004s ]
SQL: SHOW COLUMNS FROM `think_team_info` [ RunTime:0.0043s ]
SQL: SELECT `t_id` FROM `think_team_info` WHERE `u_id` = 44 LIMIT 1000   [ RunTime:0.0003s ]
SQL: SELECT `t_id`,`t_name` FROM `think_team_info` WHERE `t_id` IN ('46')  [ RunTime:0.0002s ]
SQL: SELECT `t_id`,`t_name`,`t_num`,`t_abstract`,`t_time`,`t_number` FROM `think_team_info` WHERE `t_id` IN ('46')  [ RunTime:0.0005s ]
SQL: SHOW COLUMNS FROM `think_user_info` [ RunTime:0.0059s ]
SQL: SELECT `u_name`,`u_class`,`u_school`,`u_label`,`u_exp` FROM `think_user_info` WHERE `u_id` = 44 LIMIT 1   [ RunTime:0.0003s ]
INFO: [ view_parse ] --START--
INFO: [ template_filter ] --START--
INFO: Run Behavior\ContentReplaceBehavior [ RunTime:0.000261s ]
INFO: [ template_filter ] --END-- [ RunTime:0.000451s ]
NOTIC: [8] Undefined variable: team_create D:\wamp\www\zz\Application\Runtime\Cache\Home\c73c92bae43177ecf14f2452ae35facd.php 第 117 行.
INFO: Run Behavior\ParseTemplateBehavior [ RunTime:0.073498s ]
INFO: [ view_parse ] --END-- [ RunTime:0.073725s ]
INFO: [ view_filter ] --START--
INFO: Run Behavior\WriteHtmlCacheBehavior [ RunTime:0.018062s ]
INFO: [ view_filter ] --END-- [ RunTime:0.018254s ]
INFO: [ app_end ] --START--
INFO: Run Behavior\ShowPageTraceBehavior [ RunTime:0.001441s ]
INFO: [ app_end ] --END-- [ RunTime:0.001775s ]

[ 2017-06-04T17:37:09+08:00 ] ::1 /zz/index.php/Home/Index/person_info
INFO: [ app_begin ] --START--
INFO: Run Behavior\ReadHtmlCacheBehavior [ RunTime:0.008582s ]
INFO: [ app_begin ] --END-- [ RunTime:0.009433s ]
SQL: SHOW COLUMNS FROM `think_add_team` [ RunTime:0.0033s ]
SQL: SELECT `t_id` FROM `think_add_team` WHERE `u_id` = 44 LIMIT 1000   [ RunTime:0.0005s ]
SQL: SHOW COLUMNS FROM `think_team_info` [ RunTime:0.0088s ]
SQL: SELECT `t_id` FROM `think_team_info` WHERE `u_id` = 44 LIMIT 1000   [ RunTime:0.0004s ]
SQL: SELECT `t_id`,`t_name` FROM `think_team_info` WHERE `t_id` IN ('46')  [ RunTime:0.0002s ]
SQL: SELECT `t_id`,`t_name`,`t_num`,`t_abstract`,`t_time`,`t_number` FROM `think_team_info` WHERE `t_id` IN ('46')  [ RunTime:0.0002s ]
SQL: SHOW COLUMNS FROM `think_user_info` [ RunTime:0.0043s ]
SQL: SELECT `u_name`,`u_class`,`u_school`,`u_label`,`u_exp` FROM `think_user_info` WHERE `u_id` = 44 LIMIT 1   [ RunTime:0.0004s ]
INFO: [ view_parse ] --START--
INFO: [ template_filter ] --START--
INFO: Run Behavior\ContentReplaceBehavior [ RunTime:0.000313s ]
INFO: [ template_filter ] --END-- [ RunTime:0.000521s ]
NOTIC: [8] Undefined variable: team_create D:\wamp\www\zz\Application\Runtime\Cache\Home\c73c92bae43177ecf14f2452ae35facd.php 第 117 行.
INFO: Run Behavior\ParseTemplateBehavior [ RunTime:0.030792s ]
INFO: [ view_parse ] --END-- [ RunTime:0.032517s ]
INFO: [ view_filter ] --START--
INFO: Run Behavior\WriteHtmlCacheBehavior [ RunTime:0.001709s ]
INFO: [ view_filter ] --END-- [ RunTime:0.001898s ]
INFO: [ app_end ] --START--
INFO: Run Behavior\ShowPageTraceBehavior [ RunTime:0.001130s ]
INFO: [ app_end ] --END-- [ RunTime:0.001357s ]

