[ 2017-07-24T10:11:36+08:00 ] ::1 /zz/index.php/Home/Index/person_info.html?t=0.7076968666638312
INFO: [ app_begin ] --START--
INFO: Run Behavior\ReadHtmlCacheBehavior [ RunTime:0.000610s ]
INFO: [ app_begin ] --END-- [ RunTime:0.001136s ]
SQL: SHOW COLUMNS FROM `think_add_team` [ RunTime:0.0041s ]
SQL: SELECT `t_id` FROM `think_add_team` WHERE `u_id` = 44 LIMIT 1000   [ RunTime:0.0003s ]
SQL: SHOW COLUMNS FROM `think_team_info` [ RunTime:0.0036s ]
SQL: SELECT `t_id` FROM `think_team_info` WHERE `u_id` = 44 LIMIT 1000   [ RunTime:0.0003s ]
SQL: SELECT `t_id`,`t_name` FROM `think_team_info` WHERE `t_id` IN ('52','53')  [ RunTime:0.0003s ]
SQL: SELECT `t_id`,`t_name` FROM `think_team_info` WHERE `t_id` IN ('46')  [ RunTime:0.0002s ]
SQL: SELECT `t_id`,`t_name`,`t_num`,`t_abstract`,`t_time`,`t_number` FROM `think_team_info` WHERE `t_id` IN ('46','52','53')  [ RunTime:0.0003s ]
SQL: SHOW COLUMNS FROM `think_user_info` [ RunTime:0.0035s ]
SQL: SELECT `u_name`,`u_class`,`u_school`,`u_label`,`u_exp` FROM `think_user_info` WHERE `u_id` = 44 LIMIT 1   [ RunTime:0.0003s ]
INFO: [ view_parse ] --START--
INFO: [ template_filter ] --START--
INFO: Run Behavior\ContentReplaceBehavior [ RunTime:0.000151s ]
INFO: [ template_filter ] --END-- [ RunTime:0.000259s ]
INFO: Run Behavior\ParseTemplateBehavior [ RunTime:0.029146s ]
INFO: [ view_parse ] --END-- [ RunTime:0.029266s ]
INFO: [ view_filter ] --START--
INFO: Run Behavior\WriteHtmlCacheBehavior [ RunTime:0.000265s ]
INFO: [ view_filter ] --END-- [ RunTime:0.000362s ]
INFO: [ app_end ] --START--
INFO: Run Behavior\ShowPageTraceBehavior [ RunTime:0.000731s ]
INFO: [ app_end ] --END-- [ RunTime:0.001005s ]

[ 2017-07-24T10:11:36+08:00 ] ::1 /zz/index.php/Home/Index/person_info
INFO: [ app_begin ] --START--
INFO: Run Behavior\ReadHtmlCacheBehavior [ RunTime:0.000713s ]
INFO: [ app_begin ] --END-- [ RunTime:0.001197s ]
SQL: SHOW COLUMNS FROM `think_add_team` [ RunTime:0.0040s ]
SQL: SELECT `t_id` FROM `think_add_team` WHERE `u_id` = 44 LIMIT 1000   [ RunTime:0.0003s ]
SQL: SHOW COLUMNS FROM `think_team_info` [ RunTime:0.0048s ]
SQL: SELECT `t_id` FROM `think_team_info` WHERE `u_id` = 44 LIMIT 1000   [ RunTime:0.0004s ]
SQL: SELECT `t_id`,`t_name` FROM `think_team_info` WHERE `t_id` IN ('52','53')  [ RunTime:0.0003s ]
SQL: SELECT `t_id`,`t_name` FROM `think_team_info` WHERE `t_id` IN ('46')  [ RunTime:0.0003s ]
SQL: SELECT `t_id`,`t_name`,`t_num`,`t_abstract`,`t_time`,`t_number` FROM `think_team_info` WHERE `t_id` IN ('46','52','53')  [ RunTime:0.0019s ]
SQL: SHOW COLUMNS FROM `think_user_info` [ RunTime:0.0074s ]
SQL: SELECT `u_name`,`u_class`,`u_school`,`u_label`,`u_exp` FROM `think_user_info` WHERE `u_id` = 44 LIMIT 1   [ RunTime:0.0005s ]
INFO: [ view_parse ] --START--
INFO: [ template_filter ] --START--
INFO: Run Behavior\ContentReplaceBehavior [ RunTime:0.000278s ]
INFO: [ template_filter ] --END-- [ RunTime:0.000523s ]
INFO: Run Behavior\ParseTemplateBehavior [ RunTime:0.030260s ]
INFO: [ view_parse ] --END-- [ RunTime:0.030433s ]
INFO: [ view_filter ] --START--
INFO: Run Behavior\WriteHtmlCacheBehavior [ RunTime:0.000461s ]
INFO: [ view_filter ] --END-- [ RunTime:0.000566s ]
INFO: [ app_end ] --START--
INFO: Run Behavior\ShowPageTraceBehavior [ RunTime:0.000873s ]
INFO: [ app_end ] --END-- [ RunTime:0.000995s ]

[ 2017-07-24T11:05:16+08:00 ] ::1 /zz/index.php/Home/Registered/checkName?username=liulonghang123%40qq.com
INFO: [ app_begin ] --START--
INFO: Run Behavior\ReadHtmlCacheBehavior [ RunTime:0.000809s ]
INFO: [ app_begin ] --END-- [ RunTime:0.001463s ]
SQL: SHOW COLUMNS FROM `think_user_login` [ RunTime:0.0076s ]
SQL: SELECT * FROM `think_user_login` WHERE `u_email` = 'liulonghang123@qq.com' AND `u_status` = 1 LIMIT 1   [ RunTime:0.0540s ]

