[ 2017-09-26T16:26:11+08:00 ] ::1 /zz/index.php/Home/Index/notify
INFO: [ app_begin ] --START--
INFO: Run Behavior\ReadHtmlCacheBehavior [ RunTime:0.000800s ]
INFO: [ app_begin ] --END-- [ RunTime:0.001450s ]
SQL: SHOW COLUMNS FROM `think_system_message` [ RunTime:0.0335s ]
SQL: SELECT `ss_id`,`ss_title`,`ss_content`,`ss_time` FROM `think_system_message` WHERE `u_email` = 'liulonghang123@qq.com' LIMIT 1000   [ RunTime:0.0003s ]
INFO: [ view_parse ] --START--
INFO: [ template_filter ] --START--
INFO: Run Behavior\ContentReplaceBehavior [ RunTime:0.000089s ]
INFO: [ template_filter ] --END-- [ RunTime:0.000227s ]
INFO: Run Behavior\ParseTemplateBehavior [ RunTime:0.058048s ]
INFO: [ view_parse ] --END-- [ RunTime:0.058195s ]
INFO: [ view_filter ] --START--
INFO: Run Behavior\WriteHtmlCacheBehavior [ RunTime:0.000410s ]
INFO: [ view_filter ] --END-- [ RunTime:0.000566s ]
INFO: [ app_end ] --START--
INFO: Run Behavior\ShowPageTraceBehavior [ RunTime:0.000887s ]
INFO: [ app_end ] --END-- [ RunTime:0.001053s ]

[ 2017-09-26T16:26:11+08:00 ] ::1 /zz/index.php/Home/Index/notify.html?t=0.2054986483014416
INFO: [ app_begin ] --START--
INFO: Run Behavior\ReadHtmlCacheBehavior [ RunTime:0.001526s ]
INFO: [ app_begin ] --END-- [ RunTime:0.002655s ]
SQL: SHOW COLUMNS FROM `think_system_message` [ RunTime:0.0069s ]
SQL: SELECT `ss_id`,`ss_title`,`ss_content`,`ss_time` FROM `think_system_message` WHERE `u_email` = 'liulonghang123@qq.com' LIMIT 1000   [ RunTime:0.0003s ]
INFO: [ view_parse ] --START--
INFO: [ template_filter ] --START--
INFO: Run Behavior\ContentReplaceBehavior [ RunTime:0.000169s ]
INFO: [ template_filter ] --END-- [ RunTime:0.000419s ]
INFO: Run Behavior\ParseTemplateBehavior [ RunTime:0.012742s ]
INFO: [ view_parse ] --END-- [ RunTime:0.012901s ]
INFO: [ view_filter ] --START--
INFO: Run Behavior\WriteHtmlCacheBehavior [ RunTime:0.000738s ]
INFO: [ view_filter ] --END-- [ RunTime:0.000906s ]
INFO: [ app_end ] --START--
INFO: Run Behavior\ShowPageTraceBehavior [ RunTime:0.001036s ]
INFO: [ app_end ] --END-- [ RunTime:0.001197s ]

[ 2017-09-26T16:26:15+08:00 ] ::1 /zz/index.php/Home/Index/person_info
INFO: [ app_begin ] --START--
INFO: Run Behavior\ReadHtmlCacheBehavior [ RunTime:0.000919s ]
INFO: [ app_begin ] --END-- [ RunTime:0.001633s ]
SQL: SHOW COLUMNS FROM `think_add_team` [ RunTime:0.0035s ]
SQL: SELECT `t_id` FROM `think_add_team` WHERE `u_id` = 44 LIMIT 1000   [ RunTime:0.0003s ]
SQL: SHOW COLUMNS FROM `think_team_info` [ RunTime:0.0054s ]
SQL: SELECT `t_id` FROM `think_team_info` WHERE `u_id` = 44 LIMIT 1000   [ RunTime:0.0005s ]
SQL: SELECT `t_id`,`t_name` FROM `think_team_info` WHERE `t_id` IN ('52','53','54','55')  [ RunTime:0.0003s ]
SQL: SELECT `t_id`,`t_name` FROM `think_team_info` WHERE `t_id` IN ('46')  [ RunTime:0.0002s ]
SQL: SELECT `t_id`,`t_name`,`t_num`,`t_abstract`,`t_time`,`t_number` FROM `think_team_info` WHERE `t_id` IN ('46','52','53','54','55')  [ RunTime:0.0003s ]
SQL: SHOW COLUMNS FROM `think_user_info` [ RunTime:0.0040s ]
SQL: SELECT `u_name`,`u_class`,`u_school`,`u_label`,`u_exp` FROM `think_user_info` WHERE `u_id` = 44 LIMIT 1   [ RunTime:0.0004s ]
INFO: [ view_parse ] --START--
INFO: [ template_filter ] --START--
INFO: Run Behavior\ContentReplaceBehavior [ RunTime:0.000171s ]
INFO: [ template_filter ] --END-- [ RunTime:0.000308s ]
INFO: Run Behavior\ParseTemplateBehavior [ RunTime:0.052030s ]
INFO: [ view_parse ] --END-- [ RunTime:0.052204s ]
INFO: [ view_filter ] --START--
INFO: Run Behavior\WriteHtmlCacheBehavior [ RunTime:0.000487s ]
INFO: [ view_filter ] --END-- [ RunTime:0.000636s ]
INFO: [ app_end ] --START--
INFO: Run Behavior\ShowPageTraceBehavior [ RunTime:0.000883s ]
INFO: [ app_end ] --END-- [ RunTime:0.001031s ]

[ 2017-09-26T16:26:15+08:00 ] ::1 /zz/index.php/Home/Index/person_info.html?t=0.7458025251647273
INFO: [ app_begin ] --START--
INFO: Run Behavior\ReadHtmlCacheBehavior [ RunTime:0.000903s ]
INFO: [ app_begin ] --END-- [ RunTime:0.001733s ]
SQL: SHOW COLUMNS FROM `think_add_team` [ RunTime:0.0072s ]
SQL: SELECT `t_id` FROM `think_add_team` WHERE `u_id` = 44 LIMIT 1000   [ RunTime:0.0005s ]
SQL: SHOW COLUMNS FROM `think_team_info` [ RunTime:0.0063s ]
SQL: SELECT `t_id` FROM `think_team_info` WHERE `u_id` = 44 LIMIT 1000   [ RunTime:0.0004s ]
SQL: SELECT `t_id`,`t_name` FROM `think_team_info` WHERE `t_id` IN ('52','53','54','55')  [ RunTime:0.0005s ]
SQL: SELECT `t_id`,`t_name` FROM `think_team_info` WHERE `t_id` IN ('46')  [ RunTime:0.0003s ]
SQL: SELECT `t_id`,`t_name`,`t_num`,`t_abstract`,`t_time`,`t_number` FROM `think_team_info` WHERE `t_id` IN ('46','52','53','54','55')  [ RunTime:0.0004s ]
SQL: SHOW COLUMNS FROM `think_user_info` [ RunTime:0.0091s ]
SQL: SELECT `u_name`,`u_class`,`u_school`,`u_label`,`u_exp` FROM `think_user_info` WHERE `u_id` = 44 LIMIT 1   [ RunTime:0.0004s ]
INFO: [ view_parse ] --START--
INFO: [ template_filter ] --START--
INFO: Run Behavior\ContentReplaceBehavior [ RunTime:0.000181s ]
INFO: [ template_filter ] --END-- [ RunTime:0.000307s ]
INFO: Run Behavior\ParseTemplateBehavior [ RunTime:0.017277s ]
INFO: [ view_parse ] --END-- [ RunTime:0.017548s ]
INFO: [ view_filter ] --START--
INFO: Run Behavior\WriteHtmlCacheBehavior [ RunTime:0.000532s ]
INFO: [ view_filter ] --END-- [ RunTime:0.000700s ]
INFO: [ app_end ] --START--
INFO: Run Behavior\ShowPageTraceBehavior [ RunTime:0.000803s ]
INFO: [ app_end ] --END-- [ RunTime:0.000949s ]

[ 2017-09-26T16:26:16+08:00 ] ::1 /zz/index.php/Home/Index/person_info
INFO: [ app_begin ] --START--
INFO: Run Behavior\ReadHtmlCacheBehavior [ RunTime:0.000801s ]
INFO: [ app_begin ] --END-- [ RunTime:0.001553s ]
SQL: SHOW COLUMNS FROM `think_add_team` [ RunTime:0.0477s ]
SQL: SELECT `t_id` FROM `think_add_team` WHERE `u_id` = 44 LIMIT 1000   [ RunTime:0.0003s ]
SQL: SHOW COLUMNS FROM `think_team_info` [ RunTime:0.0084s ]
SQL: SELECT `t_id` FROM `think_team_info` WHERE `u_id` = 44 LIMIT 1000   [ RunTime:0.0004s ]
SQL: SELECT `t_id`,`t_name` FROM `think_team_info` WHERE `t_id` IN ('52','53','54','55')  [ RunTime:0.0005s ]
SQL: SELECT `t_id`,`t_name` FROM `think_team_info` WHERE `t_id` IN ('46')  [ RunTime:0.0004s ]
SQL: SELECT `t_id`,`t_name`,`t_num`,`t_abstract`,`t_time`,`t_number` FROM `think_team_info` WHERE `t_id` IN ('46','52','53','54','55')  [ RunTime:0.0004s ]
SQL: SHOW COLUMNS FROM `think_user_info` [ RunTime:0.0048s ]
SQL: SELECT `u_name`,`u_class`,`u_school`,`u_label`,`u_exp` FROM `think_user_info` WHERE `u_id` = 44 LIMIT 1   [ RunTime:0.0003s ]
INFO: [ view_parse ] --START--
INFO: [ template_filter ] --START--
INFO: Run Behavior\ContentReplaceBehavior [ RunTime:0.000286s ]
INFO: [ template_filter ] --END-- [ RunTime:0.000487s ]
INFO: Run Behavior\ParseTemplateBehavior [ RunTime:0.019668s ]
INFO: [ view_parse ] --END-- [ RunTime:0.019843s ]
INFO: [ view_filter ] --START--
INFO: Run Behavior\WriteHtmlCacheBehavior [ RunTime:0.000503s ]
INFO: [ view_filter ] --END-- [ RunTime:0.000693s ]
INFO: [ app_end ] --START--
INFO: Run Behavior\ShowPageTraceBehavior [ RunTime:0.000630s ]
INFO: [ app_end ] --END-- [ RunTime:0.000805s ]

[ 2017-09-26T16:26:16+08:00 ] ::1 /zz/index.php/Home/Index/person_info.html?t=0.4584164206020225
INFO: [ app_begin ] --START--
INFO: Run Behavior\ReadHtmlCacheBehavior [ RunTime:0.002108s ]
INFO: [ app_begin ] --END-- [ RunTime:0.004081s ]
SQL: SHOW COLUMNS FROM `think_add_team` [ RunTime:0.0047s ]
SQL: SELECT `t_id` FROM `think_add_team` WHERE `u_id` = 44 LIMIT 1000   [ RunTime:0.0003s ]
SQL: SHOW COLUMNS FROM `think_team_info` [ RunTime:0.0045s ]
SQL: SELECT `t_id` FROM `think_team_info` WHERE `u_id` = 44 LIMIT 1000   [ RunTime:0.0004s ]
SQL: SELECT `t_id`,`t_name` FROM `think_team_info` WHERE `t_id` IN ('52','53','54','55')  [ RunTime:0.0003s ]
SQL: SELECT `t_id`,`t_name` FROM `think_team_info` WHERE `t_id` IN ('46')  [ RunTime:0.0003s ]
SQL: SELECT `t_id`,`t_name`,`t_num`,`t_abstract`,`t_time`,`t_number` FROM `think_team_info` WHERE `t_id` IN ('46','52','53','54','55')  [ RunTime:0.0005s ]
SQL: SHOW COLUMNS FROM `think_user_info` [ RunTime:0.0387s ]
SQL: SELECT `u_name`,`u_class`,`u_school`,`u_label`,`u_exp` FROM `think_user_info` WHERE `u_id` = 44 LIMIT 1   [ RunTime:0.0004s ]
INFO: [ view_parse ] --START--
INFO: [ template_filter ] --START--
INFO: Run Behavior\ContentReplaceBehavior [ RunTime:0.000297s ]
INFO: [ template_filter ] --END-- [ RunTime:0.000526s ]
INFO: Run Behavior\ParseTemplateBehavior [ RunTime:0.024275s ]
INFO: [ view_parse ] --END-- [ RunTime:0.024463s ]
INFO: [ view_filter ] --START--
INFO: Run Behavior\WriteHtmlCacheBehavior [ RunTime:0.000554s ]
INFO: [ view_filter ] --END-- [ RunTime:0.000761s ]
INFO: [ app_end ] --START--
INFO: Run Behavior\ShowPageTraceBehavior [ RunTime:0.000979s ]
INFO: [ app_end ] --END-- [ RunTime:0.001192s ]

[ 2017-09-26T16:26:26+08:00 ] ::1 /zz/index.php/Home/Index/search
INFO: [ app_begin ] --START--
INFO: Run Behavior\ReadHtmlCacheBehavior [ RunTime:0.000534s ]
INFO: [ app_begin ] --END-- [ RunTime:0.001071s ]
INFO: [ view_parse ] --START--
INFO: [ template_filter ] --START--
INFO: Run Behavior\ContentReplaceBehavior [ RunTime:0.000074s ]
INFO: [ template_filter ] --END-- [ RunTime:0.000202s ]
INFO: Run Behavior\ParseTemplateBehavior [ RunTime:0.018433s ]
INFO: [ view_parse ] --END-- [ RunTime:0.018619s ]
INFO: [ view_filter ] --START--
INFO: Run Behavior\WriteHtmlCacheBehavior [ RunTime:0.000424s ]
INFO: [ view_filter ] --END-- [ RunTime:0.000552s ]
INFO: [ app_end ] --START--
INFO: Run Behavior\ShowPageTraceBehavior [ RunTime:0.000468s ]
INFO: [ app_end ] --END-- [ RunTime:0.000567s ]

[ 2017-09-26T16:26:26+08:00 ] ::1 /zz/index.php/Home/Index/search.html?t=0.75734253855406
INFO: [ app_begin ] --START--
INFO: Run Behavior\ReadHtmlCacheBehavior [ RunTime:0.000795s ]
INFO: [ app_begin ] --END-- [ RunTime:0.001477s ]
INFO: [ view_parse ] --START--
INFO: [ template_filter ] --START--
INFO: Run Behavior\ContentReplaceBehavior [ RunTime:0.000072s ]
INFO: [ template_filter ] --END-- [ RunTime:0.000190s ]
INFO: Run Behavior\ParseTemplateBehavior [ RunTime:0.009853s ]
INFO: [ view_parse ] --END-- [ RunTime:0.010091s ]
INFO: [ view_filter ] --START--
INFO: Run Behavior\WriteHtmlCacheBehavior [ RunTime:0.000297s ]
INFO: [ view_filter ] --END-- [ RunTime:0.000390s ]
INFO: [ app_end ] --START--
INFO: Run Behavior\ShowPageTraceBehavior [ RunTime:0.000458s ]
INFO: [ app_end ] --END-- [ RunTime:0.000556s ]

[ 2017-09-26T16:26:26+08:00 ] ::1 /zz/index.php/Home/Index/css/bootstrap.min.css
ERR: 非法操作:css

[ 2017-09-26T16:26:26+08:00 ] ::1 /zz/index.php/Home/Index/css/home.css
ERR: 非法操作:css

[ 2017-09-26T16:26:26+08:00 ] ::1 /zz/index.php/Home/Index/js/jquery.min.js?_=1506414377754
INFO: [ app_begin ] --START--
INFO: Run Behavior\ReadHtmlCacheBehavior [ RunTime:0.000750s ]
INFO: [ app_begin ] --END-- [ RunTime:0.001315s ]
ERR: 非法操作:js

[ 2017-09-26T16:26:26+08:00 ] ::1 /zz/index.php/Home/Index/css/person_info.css
ERR: 非法操作:css

[ 2017-09-26T16:26:26+08:00 ] ::1 /zz/index.php/Home/Index/js/bootstrap.min.js?_=1506414377755
INFO: [ app_begin ] --START--
INFO: Run Behavior\ReadHtmlCacheBehavior [ RunTime:0.000562s ]
INFO: [ app_begin ] --END-- [ RunTime:0.001027s ]
ERR: 非法操作:js

[ 2017-09-26T16:26:27+08:00 ] ::1 /zz/index.php/Home/Index/css/bootstrap.min.css
ERR: 非法操作:css

[ 2017-09-26T16:26:27+08:00 ] ::1 /zz/index.php/Home/Index/js/jquery.min.js?_=1506414377756
INFO: [ app_begin ] --START--
INFO: Run Behavior\ReadHtmlCacheBehavior [ RunTime:0.000756s ]
INFO: [ app_begin ] --END-- [ RunTime:0.001257s ]
ERR: 非法操作:js

[ 2017-09-26T16:26:27+08:00 ] ::1 /zz/index.php/Home/Index/css/home.css
ERR: 非法操作:css

[ 2017-09-26T16:26:27+08:00 ] ::1 /zz/index.php/Home/Index/css/person_info.css
ERR: 非法操作:css

[ 2017-09-26T16:26:27+08:00 ] ::1 /zz/index.php/Home/Index/js/bootstrap.min.js?_=1506414377757
INFO: [ app_begin ] --START--
INFO: Run Behavior\ReadHtmlCacheBehavior [ RunTime:0.000646s ]
INFO: [ app_begin ] --END-- [ RunTime:0.001217s ]
ERR: 非法操作:js

[ 2017-09-26T16:28:07+08:00 ] ::1 /zz/index.php/Home/Registered/checkName?username=1416306923
INFO: [ app_begin ] --START--
INFO: Run Behavior\ReadHtmlCacheBehavior [ RunTime:0.000874s ]
INFO: [ app_begin ] --END-- [ RunTime:0.001723s ]
SQL: SHOW COLUMNS FROM `think_user_login` [ RunTime:0.0060s ]
SQL: SELECT * FROM `think_user_login` WHERE `u_email` = '1416306923' AND `u_status` = 1 LIMIT 1   [ RunTime:0.0006s ]

[ 2017-09-26T16:28:43+08:00 ] ::1 /zz/index.php/Home/Registered/checkName?username=1416306923%40qq.com
INFO: [ app_begin ] --START--
INFO: Run Behavior\ReadHtmlCacheBehavior [ RunTime:0.001210s ]
INFO: [ app_begin ] --END-- [ RunTime:0.002033s ]
SQL: SHOW COLUMNS FROM `think_user_login` [ RunTime:0.0074s ]
SQL: SELECT * FROM `think_user_login` WHERE `u_email` = '1416306923@qq.com' AND `u_status` = 1 LIMIT 1   [ RunTime:0.0006s ]

